<html>
<head>
<title>TestNG:  Test</title>
<link href="../testng.css" rel="stylesheet" type="text/css" />
<link href="../my-testng.css" rel="stylesheet" type="text/css" />

<style type="text/css">
.log { display: none;} 
.stack-trace { display: none;} 
</style>
<script type="text/javascript">
<!--
function flip(e) {
  current = e.style.display;
  if (current == 'block') {
    e.style.display = 'none';
    return 0;
  }
  else {
    e.style.display = 'block';
    return 1;
  }
}

function toggleBox(szDivId, elem, msg1, msg2)
{
  var res = -1;  if (document.getElementById) {
    res = flip(document.getElementById(szDivId));
  }
  else if (document.all) {
    // this is the way old msie versions work
    res = flip(document.all[szDivId]);
  }
  if(elem) {
    if(res == 0) elem.innerHTML = msg1; else elem.innerHTML = msg2;
  }

}

function toggleAllBoxes() {
  if (document.getElementsByTagName) {
    d = document.getElementsByTagName('div');
    for (i = 0; i < d.length; i++) {
      if (d[i].className == 'log') {
        flip(d[i]);
      }
    }
  }
}

// -->
</script>

</head>
<body>
<h2 align='center'>Test</h2><table border='1' align="center">
<tr>
<td>Tests passed/Failed/Skipped:</td><td>16/2/0</td>
</tr><tr>
<td>Started on:</td><td>Thu Mar 26 16:31:11 IST 2020</td>
</tr>
<tr><td>Total time:</td><td>35 seconds (35534 ms)</td>
</tr><tr>
<td>Included groups:</td><td></td>
</tr><tr>
<td>Excluded groups:</td><td></td>
</tr>
</table><p/>
<small><i>(Hover the method name to see the test class name)</i></small><p/>
<table width='100%' border='1' class='invocation-failed'>
<tr><td colspan='4' align='center'><b>FAILED TESTS</b></td></tr>
<tr><td><b>Test method</b></td>
<td width="30%"><b>Exception</b></td>
<td width="10%"><b>Time (seconds)</b></td>
<td><b>Instance</b></td>
</tr>
<tr>
<td title='TestCases.TestCase005_Parsing_Resource_Using_JsonPath.headValidation()'><b>headValidation</b><br>Test class: TestCases.TestCase005_Parsing_Resource_Using_JsonPath</td>
<td><div><pre>java.lang.AssertionError: expected [200] but found [301]
	at TestCases.TestCase005_Parsing_Resource_Using_JsonPath.headValidation(TestCase005_Parsing_Resource_Using_JsonPath.java:37)
	at java.util.ArrayList.forEach(ArrayList.java:1257)
... Removed 32 stack frames</pre></div><a href='#' onClick='toggleBox("stack-trace18459190", this, "Click to show all stack frames", "Click to hide stack frames")'>Click to show all stack frames</a>
<div class='stack-trace' id='stack-trace18459190'><pre>java.lang.AssertionError: expected [200] but found [301]
	at org.testng.Assert.fail(Assert.java:97)
	at org.testng.Assert.assertEqualsImpl(Assert.java:136)
	at org.testng.Assert.assertEquals(Assert.java:118)
	at org.testng.Assert.assertEquals(Assert.java:839)
	at org.testng.Assert.assertEquals(Assert.java:849)
	at TestCases.TestCase005_Parsing_Resource_Using_JsonPath.headValidation(TestCase005_Parsing_Resource_Using_JsonPath.java:37)
	at sun.reflect.NativeMethodAccessorImpl.invoke0(Native Method)
	at sun.reflect.NativeMethodAccessorImpl.invoke(NativeMethodAccessorImpl.java:62)
	at sun.reflect.DelegatingMethodAccessorImpl.invoke(DelegatingMethodAccessorImpl.java:43)
	at java.lang.reflect.Method.invoke(Method.java:498)
	at org.testng.internal.MethodInvocationHelper.invokeMethod(MethodInvocationHelper.java:134)
	at org.testng.internal.TestInvoker.invokeMethod(TestInvoker.java:597)
	at org.testng.internal.TestInvoker.invokeTestMethod(TestInvoker.java:173)
	at org.testng.internal.MethodRunner.runInSequence(MethodRunner.java:46)
	at org.testng.internal.TestInvoker$MethodInvocationAgent.invoke(TestInvoker.java:816)
	at org.testng.internal.TestInvoker.invokeTestMethods(TestInvoker.java:146)
	at org.testng.internal.TestMethodWorker.invokeTestMethods(TestMethodWorker.java:146)
	at org.testng.internal.TestMethodWorker.run(TestMethodWorker.java:128)
	at java.util.ArrayList.forEach(ArrayList.java:1257)
	at org.testng.TestRunner.privateRun(TestRunner.java:766)
	at org.testng.TestRunner.run(TestRunner.java:587)
	at org.testng.SuiteRunner.runTest(SuiteRunner.java:384)
	at org.testng.SuiteRunner.runSequentially(SuiteRunner.java:378)
	at org.testng.SuiteRunner.privateRun(SuiteRunner.java:337)
	at org.testng.SuiteRunner.run(SuiteRunner.java:286)
	at org.testng.SuiteRunnerWorker.runSuite(SuiteRunnerWorker.java:53)
	at org.testng.SuiteRunnerWorker.run(SuiteRunnerWorker.java:96)
	at org.testng.TestNG.runSuitesSequentially(TestNG.java:1187)
	at org.testng.TestNG.runSuitesLocally(TestNG.java:1109)
	at org.testng.TestNG.runSuites(TestNG.java:1039)
	at org.testng.TestNG.run(TestNG.java:1007)
	at org.testng.remote.AbstractRemoteTestNG.run(AbstractRemoteTestNG.java:115)
	at org.testng.remote.RemoteTestNG.initAndRun(RemoteTestNG.java:251)
	at org.testng.remote.RemoteTestNG.main(RemoteTestNG.java:77)
</pre></div></td>
<td>3</td>
<td>TestCases.TestCase005_Parsing_Resource_Using_JsonPath@33c7e1bb</td></tr>
<tr>
<td title='TestCases.TestCase001_Simple_Get_Request_BDD2.validateGet_Using_Body()'><b>validateGet_Using_Body</b><br>Test class: TestCases.TestCase001_Simple_Get_Request_BDD2</td>
<td><div><pre>java.lang.AssertionError: 1 expectation failed.
JSON path args.empID doesn&apos;t match.
Expected: is &lt;100&gt;
  Actual: null

	at org.codehaus.groovy.runtime.callsite.ConstructorSite$ConstructorSiteNoUnwrap.callConstructor(ConstructorSite.java:84)
	at org.codehaus.groovy.runtime.callsite.CallSiteArray.defaultCallConstructor(CallSiteArray.java:59)
	at org.codehaus.groovy.runtime.callsite.AbstractCallSite.callConstructor(AbstractCallSite.java:263)
	at org.codehaus.groovy.runtime.callsite.AbstractCallSite.callConstructor(AbstractCallSite.java:277)
	at io.restassured.internal.ResponseSpecificationImpl$HamcrestAssertionClosure.validate(ResponseSpecificationImpl.groovy:493)
	at io.restassured.internal.ResponseSpecificationImpl$HamcrestAssertionClosure$validate$1.call(Unknown Source)
	at io.restassured.internal.ResponseSpecificationImpl.validateResponseIfRequired(ResponseSpecificationImpl.groovy:674)
	at org.codehaus.groovy.runtime.callsite.PlainObjectMetaMethodSite.doInvoke(PlainObjectMetaMethodSite.java:43)
	at org.codehaus.groovy.runtime.callsite.PogoMetaMethodSite$PogoCachedMethodSiteNoUnwrapNoCoerce.invoke(PogoMetaMethodSite.java:193)
	at org.codehaus.groovy.runtime.callsite.PogoMetaMethodSite.callCurrent(PogoMetaMethodSite.java:61)
	at org.codehaus.groovy.runtime.callsite.AbstractCallSite.callCurrent(AbstractCallSite.java:185)
	at io.restassured.internal.ResponseSpecificationImpl.body(ResponseSpecificationImpl.groovy:261)
	at io.restassured.specification.ResponseSpecification$body$2.callCurrent(Unknown Source)
	at org.codehaus.groovy.runtime.callsite.CallSiteArray.defaultCallCurrent(CallSiteArray.java:51)
	at io.restassured.specification.ResponseSpecification$body$2.callCurrent(Unknown Source)
	at io.restassured.internal.ResponseSpecificationImpl.body(ResponseSpecificationImpl.groovy:108)
	at io.restassured.internal.ValidatableResponseOptionsImpl.body(ValidatableResponseOptionsImpl.java:244)
	at io.restassured.internal.ValidatableResponseImpl.super$2$body(ValidatableResponseImpl.groovy)
	at groovy.lang.MetaMethod.doMethodInvoke(MetaMethod.java:323)
	at groovy.lang.MetaClassImpl.invokeMethod(MetaClassImpl.java:1262)
	at org.codehaus.groovy.runtime.ScriptBytecodeAdapter.invokeMethodOnSuperN(ScriptBytecodeAdapter.java:144)
	at io.restassured.internal.ValidatableResponseImpl.body(ValidatableResponseImpl.groovy:298)
	at io.restassured.internal.ValidatableResponseImpl.body(ValidatableResponseImpl.groovy)
	at TestCases.TestCase001_Simple_Get_Request_BDD2.validateGet_Using_Body(TestCase001_Simple_Get_Request_BDD2.java:59)
	at java.util.ArrayList.forEach(ArrayList.java:1257)
... Removed 42 stack frames</pre></div><a href='#' onClick='toggleBox("stack-trace1078448857", this, "Click to show all stack frames", "Click to hide stack frames")'>Click to show all stack frames</a>
<div class='stack-trace' id='stack-trace1078448857'><pre>java.lang.AssertionError: 1 expectation failed.
JSON path args.empID doesn&apos;t match.
Expected: is &lt;100&gt;
  Actual: null

	at sun.reflect.NativeConstructorAccessorImpl.newInstance0(Native Method)
	at sun.reflect.NativeConstructorAccessorImpl.newInstance(NativeConstructorAccessorImpl.java:62)
	at sun.reflect.DelegatingConstructorAccessorImpl.newInstance(DelegatingConstructorAccessorImpl.java:45)
	at java.lang.reflect.Constructor.newInstance(Constructor.java:423)
	at org.codehaus.groovy.reflection.CachedConstructor.invoke(CachedConstructor.java:72)
	at org.codehaus.groovy.reflection.CachedConstructor.doConstructorInvoke(CachedConstructor.java:59)
	at org.codehaus.groovy.runtime.callsite.ConstructorSite$ConstructorSiteNoUnwrap.callConstructor(ConstructorSite.java:84)
	at org.codehaus.groovy.runtime.callsite.CallSiteArray.defaultCallConstructor(CallSiteArray.java:59)
	at org.codehaus.groovy.runtime.callsite.AbstractCallSite.callConstructor(AbstractCallSite.java:263)
	at org.codehaus.groovy.runtime.callsite.AbstractCallSite.callConstructor(AbstractCallSite.java:277)
	at io.restassured.internal.ResponseSpecificationImpl$HamcrestAssertionClosure.validate(ResponseSpecificationImpl.groovy:493)
	at io.restassured.internal.ResponseSpecificationImpl$HamcrestAssertionClosure$validate$1.call(Unknown Source)
	at io.restassured.internal.ResponseSpecificationImpl.validateResponseIfRequired(ResponseSpecificationImpl.groovy:674)
	at sun.reflect.NativeMethodAccessorImpl.invoke0(Native Method)
	at sun.reflect.NativeMethodAccessorImpl.invoke(NativeMethodAccessorImpl.java:62)
	at sun.reflect.DelegatingMethodAccessorImpl.invoke(DelegatingMethodAccessorImpl.java:43)
	at java.lang.reflect.Method.invoke(Method.java:498)
	at org.codehaus.groovy.runtime.callsite.PlainObjectMetaMethodSite.doInvoke(PlainObjectMetaMethodSite.java:43)
	at org.codehaus.groovy.runtime.callsite.PogoMetaMethodSite$PogoCachedMethodSiteNoUnwrapNoCoerce.invoke(PogoMetaMethodSite.java:193)
	at org.codehaus.groovy.runtime.callsite.PogoMetaMethodSite.callCurrent(PogoMetaMethodSite.java:61)
	at org.codehaus.groovy.runtime.callsite.AbstractCallSite.callCurrent(AbstractCallSite.java:185)
	at io.restassured.internal.ResponseSpecificationImpl.body(ResponseSpecificationImpl.groovy:261)
	at io.restassured.specification.ResponseSpecification$body$2.callCurrent(Unknown Source)
	at org.codehaus.groovy.runtime.callsite.CallSiteArray.defaultCallCurrent(CallSiteArray.java:51)
	at io.restassured.specification.ResponseSpecification$body$2.callCurrent(Unknown Source)
	at io.restassured.internal.ResponseSpecificationImpl.body(ResponseSpecificationImpl.groovy:108)
	at io.restassured.internal.ValidatableResponseOptionsImpl.body(ValidatableResponseOptionsImpl.java:244)
	at io.restassured.internal.ValidatableResponseImpl.super$2$body(ValidatableResponseImpl.groovy)
	at sun.reflect.NativeMethodAccessorImpl.invoke0(Native Method)
	at sun.reflect.NativeMethodAccessorImpl.invoke(NativeMethodAccessorImpl.java:62)
	at sun.reflect.DelegatingMethodAccessorImpl.invoke(DelegatingMethodAccessorImpl.java:43)
	at java.lang.reflect.Method.invoke(Method.java:498)
	at org.codehaus.groovy.reflection.CachedMethod.invoke(CachedMethod.java:107)
	at groovy.lang.MetaMethod.doMethodInvoke(MetaMethod.java:323)
	at groovy.lang.MetaClassImpl.invokeMethod(MetaClassImpl.java:1262)
	at org.codehaus.groovy.runtime.ScriptBytecodeAdapter.invokeMethodOnSuperN(ScriptBytecodeAdapter.java:144)
	at io.restassured.internal.ValidatableResponseImpl.body(ValidatableResponseImpl.groovy:298)
	at io.restassured.internal.ValidatableResponseImpl.body(ValidatableResponseImpl.groovy)
	at TestCases.TestCase001_Simple_Get_Request_BDD2.validateGet_Using_Body(TestCase001_Simple_Get_Request_BDD2.java:59)
	at sun.reflect.NativeMethodAccessorImpl.invoke0(Native Method)
	at sun.reflect.NativeMethodAccessorImpl.invoke(NativeMethodAccessorImpl.java:62)
	at sun.reflect.DelegatingMethodAccessorImpl.invoke(DelegatingMethodAccessorImpl.java:43)
	at java.lang.reflect.Method.invoke(Method.java:498)
	at org.testng.internal.MethodInvocationHelper.invokeMethod(MethodInvocationHelper.java:134)
	at org.testng.internal.TestInvoker.invokeMethod(TestInvoker.java:597)
	at org.testng.internal.TestInvoker.invokeTestMethod(TestInvoker.java:173)
	at org.testng.internal.MethodRunner.runInSequence(MethodRunner.java:46)
	at org.testng.internal.TestInvoker$MethodInvocationAgent.invoke(TestInvoker.java:816)
	at org.testng.internal.TestInvoker.invokeTestMethods(TestInvoker.java:146)
	at org.testng.internal.TestMethodWorker.invokeTestMethods(TestMethodWorker.java:146)
	at org.testng.internal.TestMethodWorker.run(TestMethodWorker.java:128)
	at java.util.ArrayList.forEach(ArrayList.java:1257)
	at org.testng.TestRunner.privateRun(TestRunner.java:766)
	at org.testng.TestRunner.run(TestRunner.java:587)
	at org.testng.SuiteRunner.runTest(SuiteRunner.java:384)
	at org.testng.SuiteRunner.runSequentially(SuiteRunner.java:378)
	at org.testng.SuiteRunner.privateRun(SuiteRunner.java:337)
	at org.testng.SuiteRunner.run(SuiteRunner.java:286)
	at org.testng.SuiteRunnerWorker.runSuite(SuiteRunnerWorker.java:53)
	at org.testng.SuiteRunnerWorker.run(SuiteRunnerWorker.java:96)
	at org.testng.TestNG.runSuitesSequentially(TestNG.java:1187)
	at org.testng.TestNG.runSuitesLocally(TestNG.java:1109)
	at org.testng.TestNG.runSuites(TestNG.java:1039)
	at org.testng.TestNG.run(TestNG.java:1007)
	at org.testng.remote.AbstractRemoteTestNG.run(AbstractRemoteTestNG.java:115)
	at org.testng.remote.RemoteTestNG.initAndRun(RemoteTestNG.java:251)
	at org.testng.remote.RemoteTestNG.main(RemoteTestNG.java:77)
</pre></div></td>
<td>1</td>
<td>TestCases.TestCase001_Simple_Get_Request_BDD2@1563da5</td></tr>
</table><p>
<table width='100%' border='1' class='invocation-passed'>
<tr><td colspan='4' align='center'><b>PASSED TESTS</b></td></tr>
<tr><td><b>Test method</b></td>
<td width="30%"><b>Exception</b></td>
<td width="10%"><b>Time (seconds)</b></td>
<td><b>Instance</b></td>
</tr>
<tr>
<td title='TestCases.TestCase002_Simple_Get_Request_Non_BDD.postValidation()'><b>postValidation</b><br>Test class: TestCases.TestCase002_Simple_Get_Request_Non_BDD</td>
<td></td>
<td>0</td>
<td>TestCases.TestCase002_Simple_Get_Request_Non_BDD@2bbf4b8b</td></tr>
<tr>
<td title='TestCases.TestCase005_Parsing_Resource_Using_JsonPath.validate2()'><b>validate2</b><br>Test class: TestCases.TestCase005_Parsing_Resource_Using_JsonPath</td>
<td></td>
<td>2</td>
<td>TestCases.TestCase005_Parsing_Resource_Using_JsonPath@33c7e1bb</td></tr>
<tr>
<td title='TestCases.TestCase005_Parsing_Resource_Using_JsonPath.validate3()'><b>validate3</b><br>Test class: TestCases.TestCase005_Parsing_Resource_Using_JsonPath</td>
<td></td>
<td>3</td>
<td>TestCases.TestCase005_Parsing_Resource_Using_JsonPath@33c7e1bb</td></tr>
<tr>
<td title='TestCases.TestCase006_Parsing_Using_JsonPath_Complex_Resource.validate4()'><b>validate4</b><br>Test class: TestCases.TestCase006_Parsing_Using_JsonPath_Complex_Resource</td>
<td></td>
<td>4</td>
<td>TestCases.TestCase006_Parsing_Using_JsonPath_Complex_Resource@7a1ebcd8</td></tr>
<tr>
<td title='TestCases.TestCase005_Parsing_Resource_Using_JsonPath.validate4()'><b>validate4</b><br>Test class: TestCases.TestCase005_Parsing_Resource_Using_JsonPath</td>
<td></td>
<td>2</td>
<td>TestCases.TestCase005_Parsing_Resource_Using_JsonPath@33c7e1bb</td></tr>
<tr>
<td title='TestCases.TestCase001_Simple_Get_Request_BDD.validateEntireBody()'><b>validateEntireBody</b><br>Test class: TestCases.TestCase001_Simple_Get_Request_BDD</td>
<td></td>
<td>0</td>
<td>TestCases.TestCase001_Simple_Get_Request_BDD@34c4973</td></tr>
<tr>
<td title='TestCases.TestCase001_Simple_Get_Request_BDD.validateGet()'><b>validateGet</b><br>Test class: TestCases.TestCase001_Simple_Get_Request_BDD</td>
<td></td>
<td>0</td>
<td>TestCases.TestCase001_Simple_Get_Request_BDD@34c4973</td></tr>
<tr>
<td title='TestCases.TestCase001_Simple_Get_Request_BDD2.validateGet_Using_Response_and_JSONPATH()'><b>validateGet_Using_Response_and_JSONPATH</b><br>Test class: TestCases.TestCase001_Simple_Get_Request_BDD2</td>
<td></td>
<td>1</td>
<td>TestCases.TestCase001_Simple_Get_Request_BDD2@1563da5</td></tr>
<tr>
<td title='TestCases.TestCase003_Post_Request_Using_HashMap.validatePost()'><b>validatePost</b><br>Test class: TestCases.TestCase003_Post_Request_Using_HashMap</td>
<td></td>
<td>1</td>
<td>TestCases.TestCase003_Post_Request_Using_HashMap@528931cf</td></tr>
<tr>
<td title='TestCases.TestCase007_Post_Request_Using_Serialization_of_POJO_into_JSON_Request_Body_Object.validatePost()'><b>validatePost</b><br>Test class: TestCases.TestCase007_Post_Request_Using_Serialization_of_POJO_into_JSON_Request_Body_Object</td>
<td></td>
<td>0</td>
<td>TestCases.TestCase007_Post_Request_Using_Serialization_of_POJO_into_JSON_Request_Body_Object@ea1a8d5</td></tr>
<tr>
<td title='TestCases.TestCase007_Post_Request_Using_Serialization_of_POJO_into_JSON_Request_Body_Object.validatePost1()'><b>validatePost1</b><br>Test class: TestCases.TestCase007_Post_Request_Using_Serialization_of_POJO_into_JSON_Request_Body_Object</td>
<td></td>
<td>0</td>
<td>TestCases.TestCase007_Post_Request_Using_Serialization_of_POJO_into_JSON_Request_Body_Object@ea1a8d5</td></tr>
<tr>
<td title='TestCases.TestCase004_Post_Request_Using_Param.validatePutUsingParams()'><b>validatePutUsingParams</b><br>Test class: TestCases.TestCase004_Post_Request_Using_Param</td>
<td></td>
<td>0</td>
<td>TestCases.TestCase004_Post_Request_Using_Param@30a3107a</td></tr>
<tr>
<td title='TestCases.TestCase003_Post_Request_Using_HashMap.validateResponse()'><b>validateResponse</b><br>Test class: TestCases.TestCase003_Post_Request_Using_HashMap</td>
<td></td>
<td>0</td>
<td>TestCases.TestCase003_Post_Request_Using_HashMap@528931cf</td></tr>
<tr>
<td title='TestCases.TestCase003_Post_Request_Using_JsonObject.validateResponseUsingJsonFile()'><b>validateResponseUsingJsonFile</b><br>Test class: TestCases.TestCase003_Post_Request_Using_JsonObject</td>
<td></td>
<td>1</td>
<td>TestCases.TestCase003_Post_Request_Using_JsonObject@5faeada1</td></tr>
<tr>
<td title='TestCases.TestCase006_Parsing_Using_JsonPath_Complex_Resource.validateSpecificBody()'><b>validateSpecificBody</b><br>Test class: TestCases.TestCase006_Parsing_Using_JsonPath_Complex_Resource</td>
<td></td>
<td>5</td>
<td>TestCases.TestCase006_Parsing_Using_JsonPath_Complex_Resource@7a1ebcd8</td></tr>
<tr>
<td title='TestCases.TestCase005_Parsing_Resource_Using_JsonPath.validateSpecificBody()'><b>validateSpecificBody</b><br>Test class: TestCases.TestCase005_Parsing_Resource_Using_JsonPath</td>
<td></td>
<td>4</td>
<td>TestCases.TestCase005_Parsing_Resource_Using_JsonPath@33c7e1bb</td></tr>
</table><p>
</body>
</html>