<?xml version="1.0" encoding="UTF-8"?>
<!-- Generated by org.testng.reporters.JUnitXMLReporter -->
<testsuite hostname="DESKTOP-O3E0A86" ignored="0" name="Test" tests="18" failures="2" timestamp="2020-03-26T16:34:52 IST" time="32.371" errors="0">
  <testcase name="validate4" time="4.463" classname="TestCases.TestCase006_Parsing_Using_JsonPath_Complex_Resource"/>
  <testcase name="validateSpecificBody" time="3.053" classname="TestCases.TestCase006_Parsing_Using_JsonPath_Complex_Resource"/>
  <testcase name="validateResponseUsingJsonFile" time="0.939" classname="TestCases.TestCase003_Post_Request_Using_JsonObject"/>
  <testcase name="validatePost" time="1.144" classname="TestCases.TestCase003_Post_Request_Using_HashMap"/>
  <testcase name="validateResponse" time="0.776" classname="TestCases.TestCase003_Post_Request_Using_HashMap"/>
  <testcase name="validatePost1" time="0.049" classname="TestCases.TestCase007_Post_Request_Using_Serialization_of_POJO_into_JSON_Request_Body_Object"/>
  <testcase name="validatePost" time="0.021" classname="TestCases.TestCase007_Post_Request_Using_Serialization_of_POJO_into_JSON_Request_Body_Object"/>
  <testcase name="validateGet_Using_Body" time="1.316" classname="TestCases.TestCase001_Simple_Get_Request_BDD2">
    <failure type="java.lang.AssertionError" message="1 expectation failed.
JSON path args.empID doesn&amp;apos;t match.
Expected: is &amp;lt;100&amp;gt;
  Actual: null
">
      <![CDATA[java.lang.AssertionError: 1 expectation failed.
JSON path args.empID doesn't match.
Expected: is <100>
  Actual: null

at org.codehaus.groovy.runtime.callsite.ConstructorSite$ConstructorSiteNoUnwrap.callConstructor(ConstructorSite.java:84)
at org.codehaus.groovy.runtime.callsite.CallSiteArray.defaultCallConstructor(CallSiteArray.java:59)
at org.codehaus.groovy.runtime.callsite.AbstractCallSite.callConstructor(AbstractCallSite.java:263)
at org.codehaus.groovy.runtime.callsite.AbstractCallSite.callConstructor(AbstractCallSite.java:277)
at io.restassured.internal.ResponseSpecificationImpl$HamcrestAssertionClosure.validate(ResponseSpecificationImpl.groovy:493)
at io.restassured.internal.ResponseSpecificationImpl$HamcrestAssertionClosure$validate$1.call(Unknown Source)
at io.restassured.internal.ResponseSpecificationImpl.validateResponseIfRequired(ResponseSpecificationImpl.groovy:674)
at org.codehaus.groovy.runtime.callsite.PlainObjectMetaMethodSite.doInvoke(PlainObjectMetaMethodSite.java:43)
at org.codehaus.groovy.runtime.callsite.PogoMetaMethodSite$PogoCachedMethodSiteNoUnwrapNoCoerce.invoke(PogoMetaMethodSite.java:193)
at org.codehaus.groovy.runtime.callsite.PogoMetaMethodSite.callCurrent(PogoMetaMethodSite.java:61)
at org.codehaus.groovy.runtime.callsite.AbstractCallSite.callCurrent(AbstractCallSite.java:185)
at io.restassured.internal.ResponseSpecificationImpl.body(ResponseSpecificationImpl.groovy:261)
at io.restassured.specification.ResponseSpecification$body$2.callCurrent(Unknown Source)
at org.codehaus.groovy.runtime.callsite.CallSiteArray.defaultCallCurrent(CallSiteArray.java:51)
at io.restassured.specification.ResponseSpecification$body$2.callCurrent(Unknown Source)
at io.restassured.internal.ResponseSpecificationImpl.body(ResponseSpecificationImpl.groovy:108)
at io.restassured.internal.ValidatableResponseOptionsImpl.body(ValidatableResponseOptionsImpl.java:244)
at io.restassured.internal.ValidatableResponseImpl.super$2$body(ValidatableResponseImpl.groovy)
at groovy.lang.MetaMethod.doMethodInvoke(MetaMethod.java:323)
at groovy.lang.MetaClassImpl.invokeMethod(MetaClassImpl.java:1262)
at org.codehaus.groovy.runtime.ScriptBytecodeAdapter.invokeMethodOnSuperN(ScriptBytecodeAdapter.java:144)
at io.restassured.internal.ValidatableResponseImpl.body(ValidatableResponseImpl.groovy:298)
at io.restassured.internal.ValidatableResponseImpl.body(ValidatableResponseImpl.groovy)
at TestCases.TestCase001_Simple_Get_Request_BDD2.validateGet_Using_Body(TestCase001_Simple_Get_Request_BDD2.java:59)
at java.util.ArrayList.forEach(ArrayList.java:1257)
... Removed 46 stack frames]]>
    </failure>
  </testcase> <!-- validateGet_Using_Body -->
  <testcase name="validateGet_Using_Response_and_JSONPATH" time="1.75" classname="TestCases.TestCase001_Simple_Get_Request_BDD2"/>
  <testcase name="postValidation" time="0.73" classname="TestCases.TestCase002_Simple_Get_Request_Non_BDD"/>
  <testcase name="validatePutUsingParams" time="0.866" classname="TestCases.TestCase004_Post_Request_Using_Param"/>
  <testcase name="headValidation" time="1.689" classname="TestCases.TestCase005_Parsing_Resource_Using_JsonPath">
    <failure type="java.lang.AssertionError" message="expected [200] but found [301]">
      <![CDATA[java.lang.AssertionError: expected [200] but found [301]
at TestCases.TestCase005_Parsing_Resource_Using_JsonPath.headValidation(TestCase005_Parsing_Resource_Using_JsonPath.java:37)
at java.util.ArrayList.forEach(ArrayList.java:1257)
... Removed 36 stack frames]]>
    </failure>
  </testcase> <!-- headValidation -->
  <testcase name="validate2" time="5.286" classname="TestCases.TestCase005_Parsing_Resource_Using_JsonPath"/>
  <testcase name="validate3" time="3.133" classname="TestCases.TestCase005_Parsing_Resource_Using_JsonPath"/>
  <testcase name="validate4" time="2.898" classname="TestCases.TestCase005_Parsing_Resource_Using_JsonPath"/>
  <testcase name="validateSpecificBody" time="2.147" classname="TestCases.TestCase005_Parsing_Resource_Using_JsonPath"/>
  <testcase name="validateEntireBody" time="0.718" classname="TestCases.TestCase001_Simple_Get_Request_BDD"/>
  <testcase name="validateGet" time="0.788" classname="TestCases.TestCase001_Simple_Get_Request_BDD"/>
</testsuite> <!-- Test -->
